#
# There is insufficient memory for the Java Runtime Environment to continue.
# Native memory allocation (malloc) failed to allocate 717776 bytes for Chunk::new
# Possible reasons:
#   The system is out of physical RAM or swap space
#   The process is running with CompressedOops enabled, and the Java Heap may be blocking the growth of the native heap
# Possible solutions:
#   Reduce memory load on the system
#   Increase physical memory or swap space
#   Check if swap backing store is full
#   Decrease Java heap size (-Xmx/-Xms)
#   Decrease number of Java threads
#   Decrease Java thread stack sizes (-Xss)
#   Set larger code cache with -XX:ReservedCodeCacheSize=
#   JVM is running with Unscaled Compressed Oops mode in which the Java heap is
#     placed in the first 4GB address space. The Java Heap base address is the
#     maximum limit for the native heap growth. Please use -XX:HeapBaseMinAddress
#     to set the Java Heap base and to place the Java Heap above 4GB virtual address.
# This output file may be truncated or incomplete.
#
#  Out of Memory Error (arena.cpp:189), pid=18988, tid=16116
#
# JRE version: OpenJDK Runtime Environment Corretto-17.0.4.8.1 (17.0.4+8) (build 17.0.4+8-LTS)
# Java VM: OpenJDK 64-Bit Server VM Corretto-17.0.4.8.1 (17.0.4+8-LTS, mixed mode, sharing, tiered, compressed oops, compressed class ptrs, g1 gc, windows-amd64)
# No core dump will be written. Minidumps are not enabled by default on client versions of Windows
#

---------------  S U M M A R Y ------------

Command Line: -javaagent:D:\IntelliJ\IntelliJ IDEA Community Edition 2022.2\lib\idea_rt.jar=52996:D:\IntelliJ\IntelliJ IDEA Community Edition 2022.2\bin -Dfile.encoding=UTF-8 com.example.postService.PostServiceApplication

Host: Intel(R) Core(TM) i5-5300U CPU @ 2.30GHz, 4 cores, 7G,  Windows 10 , 64 bit Build 19041 (10.0.19041.1889)
Time: Wed Aug 17 14:01:26 2022 Central Europe Daylight Time elapsed time: 3.202765 seconds (0d 0h 0m 3s)

---------------  T H R E A D  ---------------

Current thread (0x0000019a1c099090):  JavaThread "C2 CompilerThread1" daemon [_thread_in_native, id=16116, stack(0x000000290e500000,0x000000290e600000)]


Current CompileTask:
C2:   3202 1356       4       org.springframework.boot.context.properties.source.ConfigurationPropertyName$ElementsParser::parse (234 bytes)

Stack: [0x000000290e500000,0x000000290e600000]
Native frames: (J=compiled Java code, j=interpreted, Vv=VM code, C=native code)
V  [jvm.dll+0x64723a]
V  [jvm.dll+0x7f8894]
V  [jvm.dll+0x7fa04e]
V  [jvm.dll+0x7fa6a3]
V  [jvm.dll+0x234d38]
V  [jvm.dll+0xbce1b]
V  [jvm.dll+0xbd3ac]
V  [jvm.dll+0x34db82]
V  [jvm.dll+0x3182ff]
V  [jvm.dll+0x31773a]
V  [jvm.dll+0x2093b5]
V  [jvm.dll+0x208947]
V  [jvm.dll+0x198ded]
V  [jvm.dll+0x217d19]
V  [jvm.dll+0x215f64]
V  [jvm.dll+0x7b0d7b]
V  [jvm.dll+0x7ab33a]
V  [jvm.dll+0x6460e5]
C  [ucrtbase.dll+0x21bb2]
C  [KERNEL32.DLL+0x17034]
C  [ntdll.dll+0x52651]


---------------  P R O C E S S  ---------------

Threads class SMR info:
_java_thread_list=0x0000019a1c0a2560, length=14, elements={
0x0000019a7d264ec0, 0x0000019a1ad31580, 0x0000019a1ad32a00, 0x0000019a1ad44490,
0x0000019a1ad47e70, 0x0000019a1ad48820, 0x0000019a1ad491d0, 0x0000019a1ad49f60,
0x0000019a1ad4aa00, 0x0000019a1adb7f10, 0x0000019a1b8203b0, 0x0000019a1ba2b930,
0x0000019a1ba2be00, 0x0000019a1c099090
}

Java Threads: ( => current thread )
  0x0000019a7d264ec0 JavaThread "main" [_thread_in_vm, id=8568, stack(0x000000290cf00000,0x000000290d000000)]
  0x0000019a1ad31580 JavaThread "Reference Handler" daemon [_thread_blocked, id=8512, stack(0x000000290d600000,0x000000290d700000)]
  0x0000019a1ad32a00 JavaThread "Finalizer" daemon [_thread_blocked, id=19024, stack(0x000000290d700000,0x000000290d800000)]
  0x0000019a1ad44490 JavaThread "Signal Dispatcher" daemon [_thread_blocked, id=15964, stack(0x000000290d800000,0x000000290d900000)]
  0x0000019a1ad47e70 JavaThread "Attach Listener" daemon [_thread_blocked, id=13864, stack(0x000000290d900000,0x000000290da00000)]
  0x0000019a1ad48820 JavaThread "Service Thread" daemon [_thread_blocked, id=16900, stack(0x000000290da00000,0x000000290db00000)]
  0x0000019a1ad491d0 JavaThread "Monitor Deflation Thread" daemon [_thread_blocked, id=18140, stack(0x000000290db00000,0x000000290dc00000)]
  0x0000019a1ad49f60 JavaThread "C2 CompilerThread0" daemon [_thread_in_native, id=1028, stack(0x000000290dc00000,0x000000290dd00000)]
  0x0000019a1ad4aa00 JavaThread "C1 CompilerThread0" daemon [_thread_blocked, id=10852, stack(0x000000290dd00000,0x000000290de00000)]
  0x0000019a1adb7f10 JavaThread "Sweeper thread" daemon [_thread_blocked, id=17308, stack(0x000000290de00000,0x000000290df00000)]
  0x0000019a1b8203b0 JavaThread "Common-Cleaner" daemon [_thread_blocked, id=14144, stack(0x000000290df00000,0x000000290e000000)]
  0x0000019a1ba2b930 JavaThread "Monitor Ctrl-Break" daemon [_thread_in_native, id=19100, stack(0x000000290e000000,0x000000290e100000)]
  0x0000019a1ba2be00 JavaThread "Notification Thread" daemon [_thread_blocked, id=10428, stack(0x000000290e100000,0x000000290e200000)]
=>0x0000019a1c099090 JavaThread "C2 CompilerThread1" daemon [_thread_in_native, id=16116, stack(0x000000290e500000,0x000000290e600000)]

Other Threads:
  0x0000019a1ad29e70 VMThread "VM Thread" [stack: 0x000000290d500000,0x000000290d600000] [id=7620]
  0x0000019a7d265e70 WatcherThread [stack: 0x000000290e200000,0x000000290e300000] [id=19444]
  0x0000019a7d2bf010 GCTaskThread "GC Thread#0" [stack: 0x000000290d000000,0x000000290d100000] [id=16508]
  0x0000019a1c092840 GCTaskThread "GC Thread#1" [stack: 0x000000290e300000,0x000000290e400000] [id=7716]
  0x0000019a1c092af0 GCTaskThread "GC Thread#2" [stack: 0x000000290e400000,0x000000290e500000] [id=1252]
  0x0000019a1c247b00 GCTaskThread "GC Thread#3" [stack: 0x000000290e600000,0x000000290e700000] [id=13012]
  0x0000019a7b23de80 ConcurrentGCThread "G1 Main Marker" [stack: 0x000000290d100000,0x000000290d200000] [id=16624]
  0x0000019a7b23e890 ConcurrentGCThread "G1 Conc#0" [stack: 0x000000290d200000,0x000000290d300000] [id=19436]
  0x0000019a1abf0090 ConcurrentGCThread "G1 Refine#0" [stack: 0x000000290d300000,0x000000290d400000] [id=14644]
  0x0000019a1c013a60 ConcurrentGCThread "G1 Refine#1" [stack: 0x000000290e700000,0x000000290e800000] [id=18776]
  0x0000019a1abf0ab0 ConcurrentGCThread "G1 Service" [stack: 0x000000290d400000,0x000000290d500000] [id=19288]

Threads with active compile tasks:
C2 CompilerThread0     3269 1379       4       jdk.internal.org.objectweb.asm.SymbolTable::addConstantUtf8 (98 bytes)
C1 CompilerThread0     3269 1400       3       java.lang.invoke.LambdaForm$Name::<init> (44 bytes)
C2 CompilerThread1     3269 1356       4       org.springframework.boot.context.properties.source.ConfigurationPropertyName$ElementsParser::parse (234 bytes)

VM state: not at safepoint (normal execution)

VM Mutex/Monitor currently owned by a thread: None

Heap address: 0x0000000081e00000, size: 2018 MB, Compressed Oops mode: 32-bit

CDS archive(s) mapped at: [0x0000000800000000-0x0000000800bc0000-0x0000000800bc0000), size 12320768, SharedBaseAddress: 0x0000000800000000, ArchiveRelocationMode: 0.
Compressed class space mapped at: 0x0000000800c00000-0x0000000840c00000, reserved size: 1073741824
Narrow klass base: 0x0000000800000000, Narrow klass shift: 0, Narrow klass range: 0x100000000

GC Precious Log:
 CPUs: 4 total, 4 available
 Memory: 8067M
 Large Page Support: Disabled
 NUMA Support: Disabled
 Compressed Oops: Enabled (32-bit)
 Heap Region Size: 1M
 Heap Min Capacity: 8M
 Heap Initial Capacity: 128M
 Heap Max Capacity: 2018M
 Pre-touch: Disabled
 Parallel Workers: 4
 Concurrent Workers: 1
 Concurrent Refinement Workers: 4
 Periodic GC: Disabled

Heap:
 garbage-first heap   total 131072K, used 6899K [0x0000000081e00000, 0x0000000100000000)
  region size 1024K, 4 young (4096K), 2 survivors (2048K)
 Metaspace       used 7117K, committed 7360K, reserved 1056768K
  class space    used 857K, committed 960K, reserved 1048576K

Heap Regions: E=young(eden), S=young(survivor), O=old, HS=humongous(starts), HC=humongous(continues), CS=collection set, F=free, OA=open archive, CA=closed archive, TAMS=top-at-mark-start (previous, next)
|   0|0x0000000081e00000, 0x0000000081f00000, 0x0000000081f00000|100%| O|  |TAMS 0x0000000081e00000, 0x0000000081e00000| Untracked 
|   1|0x0000000081f00000, 0x0000000082000000, 0x0000000082000000|100%| O|  |TAMS 0x0000000081f00000, 0x0000000081f00000| Untracked 
|   2|0x0000000082000000, 0x0000000082100000, 0x0000000082100000|100%| O|  |TAMS 0x0000000082000000, 0x0000000082000000| Untracked 
|   3|0x0000000082100000, 0x0000000082200000, 0x0000000082200000|100%| O|  |TAMS 0x0000000082100000, 0x0000000082100000| Untracked 
|   4|0x0000000082200000, 0x0000000082278c00, 0x0000000082300000| 47%| O|  |TAMS 0x0000000082200000, 0x0000000082200000| Untracked 
|   5|0x0000000082300000, 0x0000000082300000, 0x0000000082400000|  0%| F|  |TAMS 0x0000000082300000, 0x0000000082300000| Untracked 
|   6|0x0000000082400000, 0x0000000082400000, 0x0000000082500000|  0%| F|  |TAMS 0x0000000082400000, 0x0000000082400000| Untracked 
|   7|0x0000000082500000, 0x0000000082500000, 0x0000000082600000|  0%| F|  |TAMS 0x0000000082500000, 0x0000000082500000| Untracked 
|   8|0x0000000082600000, 0x0000000082600000, 0x0000000082700000|  0%| F|  |TAMS 0x0000000082600000, 0x0000000082600000| Untracked 
|   9|0x0000000082700000, 0x0000000082700000, 0x0000000082800000|  0%| F|  |TAMS 0x0000000082700000, 0x0000000082700000| Untracked 
|  10|0x0000000082800000, 0x0000000082800000, 0x0000000082900000|  0%| F|  |TAMS 0x0000000082800000, 0x0000000082800000| Untracked 
|  11|0x0000000082900000, 0x0000000082900000, 0x0000000082a00000|  0%| F|  |TAMS 0x0000000082900000, 0x0000000082900000| Untracked 
|  12|0x0000000082a00000, 0x0000000082a00000, 0x0000000082b00000|  0%| F|  |TAMS 0x0000000082a00000, 0x0000000082a00000| Untracked 
|  13|0x0000000082b00000, 0x0000000082b00000, 0x0000000082c00000|  0%| F|  |TAMS 0x0000000082b00000, 0x0000000082b00000| Untracked 
|  14|0x0000000082c00000, 0x0000000082c00000, 0x0000000082d00000|  0%| F|  |TAMS 0x0000000082c00000, 0x0000000082c00000| Untracked 
|  15|0x0000000082d00000, 0x0000000082d00000, 0x0000000082e00000|  0%| F|  |TAMS 0x0000000082d00000, 0x0000000082d00000| Untracked 
|  16|0x0000000082e00000, 0x0000000082e00000, 0x0000000082f00000|  0%| F|  |TAMS 0x0000000082e00000, 0x0000000082e00000| Untracked 
|  17|0x0000000082f00000, 0x0000000082f00000, 0x0000000083000000|  0%| F|  |TAMS 0x0000000082f00000, 0x0000000082f00000| Untracked 
|  18|0x0000000083000000, 0x0000000083000000, 0x0000000083100000|  0%| F|  |TAMS 0x0000000083000000, 0x0000000083000000| Untracked 
|  19|0x0000000083100000, 0x0000000083100000, 0x0000000083200000|  0%| F|  |TAMS 0x0000000083100000, 0x0000000083100000| Untracked 
|  20|0x0000000083200000, 0x0000000083200000, 0x0000000083300000|  0%| F|  |TAMS 0x0000000083200000, 0x0000000083200000| Untracked 
|  21|0x0000000083300000, 0x0000000083300000, 0x0000000083400000|  0%| F|  |TAMS 0x0000000083300000, 0x0000000083300000| Untracked 
|  22|0x0000000083400000, 0x0000000083400000, 0x0000000083500000|  0%| F|  |TAMS 0x0000000083400000, 0x0000000083400000| Untracked 
|  23|0x0000000083500000, 0x0000000083500000, 0x0000000083600000|  0%| F|  |TAMS 0x0000000083500000, 0x0000000083500000| Untracked 
|  24|0x0000000083600000, 0x0000000083600000, 0x0000000083700000|  0%| F|  |TAMS 0x0000000083600000, 0x0000000083600000| Untracked 
|  25|0x0000000083700000, 0x0000000083700000, 0x0000000083800000|  0%| F|  |TAMS 0x0000000083700000, 0x0000000083700000| Untracked 
|  26|0x0000000083800000, 0x0000000083800000, 0x0000000083900000|  0%| F|  |TAMS 0x0000000083800000, 0x0000000083800000| Untracked 
|  27|0x0000000083900000, 0x0000000083900000, 0x0000000083a00000|  0%| F|  |TAMS 0x0000000083900000, 0x0000000083900000| Untracked 
|  28|0x0000000083a00000, 0x0000000083a00000, 0x0000000083b00000|  0%| F|  |TAMS 0x0000000083a00000, 0x0000000083a00000| Untracked 
|  29|0x0000000083b00000, 0x0000000083b00000, 0x0000000083c00000|  0%| F|  |TAMS 0x0000000083b00000, 0x0000000083b00000| Untracked 
|  30|0x0000000083c00000, 0x0000000083c00000, 0x0000000083d00000|  0%| F|  |TAMS 0x0000000083c00000, 0x0000000083c00000| Untracked 
|  31|0x0000000083d00000, 0x0000000083d00000, 0x0000000083e00000|  0%| F|  |TAMS 0x0000000083d00000, 0x0000000083d00000| Untracked 
|  32|0x0000000083e00000, 0x0000000083e00000, 0x0000000083f00000|  0%| F|  |TAMS 0x0000000083e00000, 0x0000000083e00000| Untracked 
|  33|0x0000000083f00000, 0x0000000083f00000, 0x0000000084000000|  0%| F|  |TAMS 0x0000000083f00000, 0x0000000083f00000| Untracked 
|  34|0x0000000084000000, 0x0000000084000000, 0x0000000084100000|  0%| F|  |TAMS 0x0000000084000000, 0x0000000084000000| Untracked 
|  35|0x0000000084100000, 0x0000000084100000, 0x0000000084200000|  0%| F|  |TAMS 0x0000000084100000, 0x0000000084100000| Untracked 
|  36|0x0000000084200000, 0x0000000084200000, 0x0000000084300000|  0%| F|  |TAMS 0x0000000084200000, 0x0000000084200000| Untracked 
|  37|0x0000000084300000, 0x0000000084300000, 0x0000000084400000|  0%| F|  |TAMS 0x0000000084300000, 0x0000000084300000| Untracked 
|  38|0x0000000084400000, 0x0000000084400000, 0x0000000084500000|  0%| F|  |TAMS 0x0000000084400000, 0x0000000084400000| Untracked 
|  39|0x0000000084500000, 0x0000000084500000, 0x0000000084600000|  0%| F|  |TAMS 0x0000000084500000, 0x0000000084500000| Untracked 
|  40|0x0000000084600000, 0x0000000084600000, 0x0000000084700000|  0%| F|  |TAMS 0x0000000084600000, 0x0000000084600000| Untracked 
|  41|0x0000000084700000, 0x0000000084700000, 0x0000000084800000|  0%| F|  |TAMS 0x0000000084700000, 0x0000000084700000| Untracked 
|  42|0x0000000084800000, 0x0000000084800000, 0x0000000084900000|  0%| F|  |TAMS 0x0000000084800000, 0x0000000084800000| Untracked 
|  43|0x0000000084900000, 0x0000000084900000, 0x0000000084a00000|  0%| F|  |TAMS 0x0000000084900000, 0x0000000084900000| Untracked 
|  44|0x0000000084a00000, 0x0000000084a00000, 0x0000000084b00000|  0%| F|  |TAMS 0x0000000084a00000, 0x0000000084a00000| Untracked 
|  45|0x0000000084b00000, 0x0000000084b00000, 0x0000000084c00000|  0%| F|  |TAMS 0x0000000084b00000, 0x0000000084b00000| Untracked 
|  46|0x0000000084c00000, 0x0000000084c00000, 0x0000000084d00000|  0%| F|  |TAMS 0x0000000084c00000, 0x0000000084c00000| Untracked 
|  47|0x0000000084d00000, 0x0000000084d00000, 0x0000000084e00000|  0%| F|  |TAMS 0x0000000084d00000, 0x0000000084d00000| Untracked 
|  48|0x0000000084e00000, 0x0000000084e00000, 0x0000000084f00000|  0%| F|  |TAMS 0x0000000084e00000, 0x0000000084e00000| Untracked 
|  49|0x0000000084f00000, 0x0000000084f00000, 0x0000000085000000|  0%| F|  |TAMS 0x0000000084f00000, 0x0000000084f00000| Untracked 
|  50|0x0000000085000000, 0x0000000085000000, 0x0000000085100000|  0%| F|  |TAMS 0x0000000085000000, 0x0000000085000000| Untracked 
|  51|0x0000000085100000, 0x0000000085100000, 0x0000000085200000|  0%| F|  |TAMS 0x0000000085100000, 0x0000000085100000| Untracked 
|  52|0x0000000085200000, 0x0000000085200000, 0x0000000085300000|  0%| F|  |TAMS 0x0000000085200000, 0x0000000085200000| Untracked 
|  53|0x0000000085300000, 0x0000000085300000, 0x0000000085400000|  0%| F|  |TAMS 0x0000000085300000, 0x0000000085300000| Untracked 
|  54|0x0000000085400000, 0x0000000085400000, 0x0000000085500000|  0%| F|  |TAMS 0x0000000085400000, 0x0000000085400000| Untracked 
|  55|0x0000000085500000, 0x0000000085500000, 0x0000000085600000|  0%| F|  |TAMS 0x0000000085500000, 0x0000000085500000| Untracked 
|  56|0x0000000085600000, 0x0000000085600000, 0x0000000085700000|  0%| F|  |TAMS 0x0000000085600000, 0x0000000085600000| Untracked 
|  57|0x0000000085700000, 0x0000000085700000, 0x0000000085800000|  0%| F|  |TAMS 0x0000000085700000, 0x0000000085700000| Untracked 
|  58|0x0000000085800000, 0x0000000085800000, 0x0000000085900000|  0%| F|  |TAMS 0x0000000085800000, 0x0000000085800000| Untracked 
|  59|0x0000000085900000, 0x0000000085900000, 0x0000000085a00000|  0%| F|  |TAMS 0x0000000085900000, 0x0000000085900000| Untracked 
|  60|0x0000000085a00000, 0x0000000085a00000, 0x0000000085b00000|  0%| F|  |TAMS 0x0000000085a00000, 0x0000000085a00000| Untracked 
|  61|0x0000000085b00000, 0x0000000085b00000, 0x0000000085c00000|  0%| F|  |TAMS 0x0000000085b00000, 0x0000000085b00000| Untracked 
|  62|0x0000000085c00000, 0x0000000085c00000, 0x0000000085d00000|  0%| F|  |TAMS 0x0000000085c00000, 0x0000000085c00000| Untracked 
|  63|0x0000000085d00000, 0x0000000085d00000, 0x0000000085e00000|  0%| F|  |TAMS 0x0000000085d00000, 0x0000000085d00000| Untracked 
|  64|0x0000000085e00000, 0x0000000085e00000, 0x0000000085f00000|  0%| F|  |TAMS 0x0000000085e00000, 0x0000000085e00000| Untracked 
|  65|0x0000000085f00000, 0x0000000085f00000, 0x0000000086000000|  0%| F|  |TAMS 0x0000000085f00000, 0x0000000085f00000| Untracked 
|  66|0x0000000086000000, 0x0000000086000000, 0x0000000086100000|  0%| F|  |TAMS 0x0000000086000000, 0x0000000086000000| Untracked 
|  67|0x0000000086100000, 0x0000000086100000, 0x0000000086200000|  0%| F|  |TAMS 0x0000000086100000, 0x0000000086100000| Untracked 
|  68|0x0000000086200000, 0x0000000086200000, 0x0000000086300000|  0%| F|  |TAMS 0x0000000086200000, 0x0000000086200000| Untracked 
|  69|0x0000000086300000, 0x0000000086300000, 0x0000000086400000|  0%| F|  |TAMS 0x0000000086300000, 0x0000000086300000| Untracked 
|  70|0x0000000086400000, 0x0000000086400000, 0x0000000086500000|  0%| F|  |TAMS 0x0000000086400000, 0x0000000086400000| Untracked 
|  71|0x0000000086500000, 0x0000000086500000, 0x0000000086600000|  0%| F|  |TAMS 0x0000000086500000, 0x0000000086500000| Untracked 
|  72|0x0000000086600000, 0x0000000086600000, 0x0000000086700000|  0%| F|  |TAMS 0x0000000086600000, 0x0000000086600000| Untracked 
|  73|0x0000000086700000, 0x0000000086700000, 0x0000000086800000|  0%| F|  |TAMS 0x0000000086700000, 0x0000000086700000| Untracked 
|  74|0x0000000086800000, 0x0000000086800000, 0x0000000086900000|  0%| F|  |TAMS 0x0000000086800000, 0x0000000086800000| Untracked 
|  75|0x0000000086900000, 0x0000000086900000, 0x0000000086a00000|  0%| F|  |TAMS 0x0000000086900000, 0x0000000086900000| Untracked 
|  76|0x0000000086a00000, 0x0000000086a00000, 0x0000000086b00000|  0%| F|  |TAMS 0x0000000086a00000, 0x0000000086a00000| Untracked 
|  77|0x0000000086b00000, 0x0000000086b00000, 0x0000000086c00000|  0%| F|  |TAMS 0x0000000086b00000, 0x0000000086b00000| Untracked 
|  78|0x0000000086c00000, 0x0000000086c00000, 0x0000000086d00000|  0%| F|  |TAMS 0x0000000086c00000, 0x0000000086c00000| Untracked 
|  79|0x0000000086d00000, 0x0000000086d00000, 0x0000000086e00000|  0%| F|  |TAMS 0x0000000086d00000, 0x0000000086d00000| Untracked 
|  80|0x0000000086e00000, 0x0000000086e00000, 0x0000000086f00000|  0%| F|  |TAMS 0x0000000086e00000, 0x0000000086e00000| Untracked 
|  81|0x0000000086f00000, 0x0000000086f00000, 0x0000000087000000|  0%| F|  |TAMS 0x0000000086f00000, 0x0000000086f00000| Untracked 
|  82|0x0000000087000000, 0x0000000087000000, 0x0000000087100000|  0%| F|  |TAMS 0x0000000087000000, 0x0000000087000000| Untracked 
|  83|0x0000000087100000, 0x0000000087100000, 0x0000000087200000|  0%| F|  |TAMS 0x0000000087100000, 0x0000000087100000| Untracked 
|  84|0x0000000087200000, 0x0000000087200000, 0x0000000087300000|  0%| F|  |TAMS 0x0000000087200000, 0x0000000087200000| Untracked 
|  85|0x0000000087300000, 0x0000000087300000, 0x0000000087400000|  0%| F|  |TAMS 0x0000000087300000, 0x0000000087300000| Untracked 
|  86|0x0000000087400000, 0x0000000087400000, 0x0000000087500000|  0%| F|  |TAMS 0x0000000087400000, 0x0000000087400000| Untracked 
|  87|0x0000000087500000, 0x0000000087500000, 0x0000000087600000|  0%| F|  |TAMS 0x0000000087500000, 0x0000000087500000| Untracked 
|  88|0x0000000087600000, 0x0000000087600000, 0x0000000087700000|  0%| F|  |TAMS 0x0000000087600000, 0x0000000087600000| Untracked 
|  89|0x0000000087700000, 0x0000000087700000, 0x0000000087800000|  0%| F|  |TAMS 0x0000000087700000, 0x0000000087700000| Untracked 
|  90|0x0000000087800000, 0x0000000087800000, 0x0000000087900000|  0%| F|  |TAMS 0x0000000087800000, 0x0000000087800000| Untracked 
|  91|0x0000000087900000, 0x0000000087900000, 0x0000000087a00000|  0%| F|  |TAMS 0x0000000087900000, 0x0000000087900000| Untracked 
|  92|0x0000000087a00000, 0x0000000087a00000, 0x0000000087b00000|  0%| F|  |TAMS 0x0000000087a00000, 0x0000000087a00000| Untracked 
|  93|0x0000000087b00000, 0x0000000087b00000, 0x0000000087c00000|  0%| F|  |TAMS 0x0000000087b00000, 0x0000000087b00000| Untracked 
|  94|0x0000000087c00000, 0x0000000087c00000, 0x0000000087d00000|  0%| F|  |TAMS 0x0000000087c00000, 0x0000000087c00000| Untracked 
|  95|0x0000000087d00000, 0x0000000087d00000, 0x0000000087e00000|  0%| F|  |TAMS 0x0000000087d00000, 0x0000000087d00000| Untracked 
|  96|0x0000000087e00000, 0x0000000087e00000, 0x0000000087f00000|  0%| F|  |TAMS 0x0000000087e00000, 0x0000000087e00000| Untracked 
|  97|0x0000000087f00000, 0x0000000087f00000, 0x0000000088000000|  0%| F|  |TAMS 0x0000000087f00000, 0x0000000087f00000| Untracked 
|  98|0x0000000088000000, 0x0000000088000000, 0x0000000088100000|  0%| F|  |TAMS 0x0000000088000000, 0x0000000088000000| Untracked 
|  99|0x0000000088100000, 0x0000000088100000, 0x0000000088200000|  0%| F|  |TAMS 0x0000000088100000, 0x0000000088100000| Untracked 
| 100|0x0000000088200000, 0x0000000088200000, 0x0000000088300000|  0%| F|  |TAMS 0x0000000088200000, 0x0000000088200000| Untracked 
| 101|0x0000000088300000, 0x0000000088300000, 0x0000000088400000|  0%| F|  |TAMS 0x0000000088300000, 0x0000000088300000| Untracked 
| 102|0x0000000088400000, 0x0000000088400000, 0x0000000088500000|  0%| F|  |TAMS 0x0000000088400000, 0x0000000088400000| Untracked 
| 103|0x0000000088500000, 0x0000000088500000, 0x0000000088600000|  0%| F|  |TAMS 0x0000000088500000, 0x0000000088500000| Untracked 
| 104|0x0000000088600000, 0x0000000088600000, 0x0000000088700000|  0%| F|  |TAMS 0x0000000088600000, 0x0000000088600000| Untracked 
| 105|0x0000000088700000, 0x0000000088700000, 0x0000000088800000|  0%| F|  |TAMS 0x0000000088700000, 0x0000000088700000| Untracked 
| 106|0x0000000088800000, 0x0000000088800000, 0x0000000088900000|  0%| F|  |TAMS 0x0000000088800000, 0x0000000088800000| Untracked 
| 107|0x0000000088900000, 0x0000000088900000, 0x0000000088a00000|  0%| F|  |TAMS 0x0000000088900000, 0x0000000088900000| Untracked 
| 108|0x0000000088a00000, 0x0000000088a00000, 0x0000000088b00000|  0%| F|  |TAMS 0x0000000088a00000, 0x0000000088a00000| Untracked 
| 109|0x0000000088b00000, 0x0000000088b00000, 0x0000000088c00000|  0%| F|  |TAMS 0x0000000088b00000, 0x0000000088b00000| Untracked 
| 110|0x0000000088c00000, 0x0000000088c00000, 0x0000000088d00000|  0%| F|  |TAMS 0x0000000088c00000, 0x0000000088c00000| Untracked 
| 111|0x0000000088d00000, 0x0000000088d00000, 0x0000000088e00000|  0%| F|  |TAMS 0x0000000088d00000, 0x0000000088d00000| Untracked 
| 112|0x0000000088e00000, 0x0000000088e00000, 0x0000000088f00000|  0%| F|  |TAMS 0x0000000088e00000, 0x0000000088e00000| Untracked 
| 113|0x0000000088f00000, 0x0000000088f00000, 0x0000000089000000|  0%| F|  |TAMS 0x0000000088f00000, 0x0000000088f00000| Untracked 
| 114|0x0000000089000000, 0x0000000089000000, 0x0000000089100000|  0%| F|  |TAMS 0x0000000089000000, 0x0000000089000000| Untracked 
| 115|0x0000000089100000, 0x0000000089100000, 0x0000000089200000|  0%| F|  |TAMS 0x0000000089100000, 0x0000000089100000| Untracked 
| 116|0x0000000089200000, 0x00000000892440a0, 0x0000000089300000| 26%| S|CS|TAMS 0x0000000089200000, 0x0000000089200000| Complete 
| 117|0x0000000089300000, 0x0000000089400000, 0x0000000089400000|100%| S|CS|TAMS 0x0000000089300000, 0x0000000089300000| Complete 
| 118|0x0000000089400000, 0x0000000089400000, 0x0000000089500000|  0%| F|  |TAMS 0x0000000089400000, 0x0000000089400000| Untracked 
| 119|0x0000000089500000, 0x0000000089500000, 0x0000000089600000|  0%| F|  |TAMS 0x0000000089500000, 0x0000000089500000| Untracked 
| 120|0x0000000089600000, 0x0000000089600000, 0x0000000089700000|  0%| F|  |TAMS 0x0000000089600000, 0x0000000089600000| Untracked 
| 121|0x0000000089700000, 0x0000000089700000, 0x0000000089800000|  0%| F|  |TAMS 0x0000000089700000, 0x0000000089700000| Untracked 
| 122|0x0000000089800000, 0x0000000089800000, 0x0000000089900000|  0%| F|  |TAMS 0x0000000089800000, 0x0000000089800000| Untracked 
| 123|0x0000000089900000, 0x0000000089900000, 0x0000000089a00000|  0%| F|  |TAMS 0x0000000089900000, 0x0000000089900000| Untracked 
| 124|0x0000000089a00000, 0x0000000089a00000, 0x0000000089b00000|  0%| F|  |TAMS 0x0000000089a00000, 0x0000000089a00000| Untracked 
| 125|0x0000000089b00000, 0x0000000089b00000, 0x0000000089c00000|  0%| F|  |TAMS 0x0000000089b00000, 0x0000000089b00000| Untracked 
| 126|0x0000000089c00000, 0x0000000089c724e8, 0x0000000089d00000| 44%| E|  |TAMS 0x0000000089c00000, 0x0000000089c00000| Complete 
| 127|0x0000000089d00000, 0x0000000089e00000, 0x0000000089e00000|100%| E|CS|TAMS 0x0000000089d00000, 0x0000000089d00000| Complete 

Card table byte_map: [0x0000019a7d740000,0x0000019a7db40000] _byte_map_base: 0x0000019a7d331000

Marking Bits (Prev, Next): (CMBitMap*) 0x0000019a7d2bf620, (CMBitMap*) 0x0000019a7d2bf660
 Prev Bits: [0x0000019a7df40000, 0x0000019a7fec8000)
 Next Bits: [0x0000019a16a30000, 0x0000019a189b8000)

Polling page: 0x0000019a7ca40000

Metaspace:

Usage:
  Non-class:      6.12 MB used.
      Class:    859.27 KB used.
       Both:      6.96 MB used.

Virtual space:
  Non-class space:        8.00 MB reserved,       6.25 MB ( 78%) committed,  1 nodes.
      Class space:        1.00 GB reserved,     960.00 KB ( <1%) committed,  1 nodes.
             Both:        1.01 GB reserved,       7.19 MB ( <1%) committed. 

Chunk freelists:
   Non-Class:  926.00 KB
       Class:  2.94 MB
        Both:  3.85 MB

MaxMetaspaceSize: unlimited
CompressedClassSpaceSize: 1.00 GB
Initial GC threshold: 21.00 MB
Current GC threshold: 21.00 MB
CDS: on
MetaspaceReclaimPolicy: balanced
 - commit_granule_bytes: 65536.
 - commit_granule_words: 8192.
 - virtual_space_node_default_size: 1048576.
 - enlarge_chunks_in_place: 1.
 - new_chunks_are_fully_committed: 0.
 - uncommit_free_chunks: 1.
 - use_allocation_guard: 0.
 - handle_deallocations: 1.


Internal statistics:

num_allocs_failed_limit: 0.
num_arena_births: 102.
num_arena_deaths: 0.
num_vsnodes_births: 2.
num_vsnodes_deaths: 0.
num_space_committed: 115.
num_space_uncommitted: 0.
num_chunks_returned_to_freelist: 0.
num_chunks_taken_from_freelist: 297.
num_chunk_merges: 0.
num_chunk_splits: 182.
num_chunks_enlarged: 136.
num_purges: 0.
num_inconsistent_stats: 0.

CodeHeap 'non-profiled nmethods': size=120000Kb used=456Kb max_used=456Kb free=119543Kb
 bounds [0x0000019a0f500000, 0x0000019a0f770000, 0x0000019a16a30000]
CodeHeap 'profiled nmethods': size=120000Kb used=2583Kb max_used=2583Kb free=117416Kb
 bounds [0x0000019a07fd0000, 0x0000019a08260000, 0x0000019a0f500000]
CodeHeap 'non-nmethods': size=5760Kb used=1155Kb max_used=1178Kb free=4604Kb
 bounds [0x0000019a07a30000, 0x0000019a07ca0000, 0x0000019a07fd0000]
 total_blobs=1866 nmethods=1418 adapters=361
 compilation: enabled
              stopped_count=0, restarted_count=0
 full_count=0

Compilation events (20 events):
Event: 3.125 Thread 0x0000019a1ad4aa00 1359       3       java.util.Collections$SingletonList::iterator (8 bytes)
Event: 3.126 Thread 0x0000019a1ad4aa00 nmethod 1359 0x0000019a08243590 code [0x0000019a08243740, 0x0000019a08243a18]
Event: 3.128 Thread 0x0000019a1ad4aa00 1360       3       org.springframework.boot.context.properties.source.SpringConfigurationPropertySources$SourcesIterator::fetchNext (138 bytes)
Event: 3.129 Thread 0x0000019a1ad4aa00 nmethod 1360 0x0000019a08243b10 code [0x0000019a08243e40, 0x0000019a082455d8]
Event: 3.130 Thread 0x0000019a1ad4aa00 1361       3       java.util.Arrays$ArrayItr::hasNext (18 bytes)
Event: 3.130 Thread 0x0000019a1ad4aa00 nmethod 1361 0x0000019a08245a90 code [0x0000019a08245c20, 0x0000019a08245d98]
Event: 3.132 Thread 0x0000019a1ad4aa00 1363       3       java.lang.invoke.DirectMethodHandle::preparedLambdaForm (6 bytes)
Event: 3.132 Thread 0x0000019a1ad4aa00 nmethod 1363 0x0000019a08245e90 code [0x0000019a08246020, 0x0000019a08246148]
Event: 3.133 Thread 0x0000019a1ad4aa00 1364       3       java.util.concurrent.CopyOnWriteArrayList$COWIterator::next (32 bytes)
Event: 3.133 Thread 0x0000019a1ad4aa00 nmethod 1364 0x0000019a08246210 code [0x0000019a082463c0, 0x0000019a082466c8]
Event: 3.133 Thread 0x0000019a1ad4aa00 1365       3       org.springframework.boot.context.properties.source.ConfigurationPropertyName$$Lambda$107/0x0000000800ca3c10::test (6 bytes)
Event: 3.134 Thread 0x0000019a1ad4aa00 nmethod 1365 0x0000019a08246810 code [0x0000019a082469e0, 0x0000019a08246e18]
Event: 3.134 Thread 0x0000019a1ad4aa00 1366       3       org.springframework.boot.context.properties.source.ConfigurationPropertyName::lambda$convertToUniformElement$1 (5 bytes)
Event: 3.134 Thread 0x0000019a1ad4aa00 nmethod 1366 0x0000019a08246f90 code [0x0000019a08247140, 0x0000019a082474f8]
Event: 3.137 Thread 0x0000019a1ad4aa00 1367       3       java.lang.invoke.TypeConvertingMethodAdapter::convertType (299 bytes)
Event: 3.141 Thread 0x0000019a1ad4aa00 nmethod 1367 0x0000019a08247610 code [0x0000019a08247c40, 0x0000019a0824b228]
Event: 3.179 Thread 0x0000019a1ad4aa00 1368       3       java.util.stream.StreamOpFlag::combineOpFlags (9 bytes)
Event: 3.179 Thread 0x0000019a1ad4aa00 nmethod 1368 0x0000019a0824c390 code [0x0000019a0824c520, 0x0000019a0824c6d8]
Event: 3.182 Thread 0x0000019a1ad4aa00 1369       3       java.lang.invoke.ConstantCallSite::getTarget (20 bytes)
Event: 3.183 Thread 0x0000019a1ad4aa00 nmethod 1369 0x0000019a0824c790 code [0x0000019a0824c940, 0x0000019a0824cb68]

GC Heap History (4 events):
Event: 2.138 GC heap before
{Heap before GC invocations=0 (full 0):
 garbage-first heap   total 131072K, used 12288K [0x0000000081e00000, 0x0000000100000000)
  region size 1024K, 13 young (13312K), 0 survivors (0K)
 Metaspace       used 3914K, committed 4032K, reserved 1056768K
  class space    used 413K, committed 448K, reserved 1048576K
}
Event: 2.183 GC heap after
{Heap after GC invocations=1 (full 0):
 garbage-first heap   total 131072K, used 4435K [0x0000000081e00000, 0x0000000100000000)
  region size 1024K, 2 young (2048K), 2 survivors (2048K)
 Metaspace       used 3914K, committed 4032K, reserved 1056768K
  class space    used 413K, committed 448K, reserved 1048576K
}
Event: 2.997 GC heap before
{Heap before GC invocations=1 (full 0):
 garbage-first heap   total 131072K, used 14675K [0x0000000081e00000, 0x0000000100000000)
  region size 1024K, 12 young (12288K), 2 survivors (2048K)
 Metaspace       used 6654K, committed 6848K, reserved 1056768K
  class space    used 795K, committed 896K, reserved 1048576K
}
Event: 3.003 GC heap after
{Heap after GC invocations=2 (full 0):
 garbage-first heap   total 131072K, used 5875K [0x0000000081e00000, 0x0000000100000000)
  region size 1024K, 2 young (2048K), 2 survivors (2048K)
 Metaspace       used 6654K, committed 6848K, reserved 1056768K
  class space    used 795K, committed 896K, reserved 1048576K
}

Deoptimization events (20 events):
Event: 2.782 Thread 0x0000019a7d264ec0 DEOPT PACKING pc=0x0000019a0f560a34 sp=0x000000290cffdac0
Event: 2.782 Thread 0x0000019a7d264ec0 DEOPT UNPACKING pc=0x0000019a07a823a3 sp=0x000000290cffda48 mode 2
Event: 2.782 Thread 0x0000019a7d264ec0 Uncommon trap: trap_request=0xffffffde fr.pc=0x0000019a0f560a34 relative=0x0000000000000114
Event: 2.782 Thread 0x0000019a7d264ec0 Uncommon trap: reason=class_check action=maybe_recompile pc=0x0000019a0f560a34 method=jdk.internal.misc.Unsafe.allocateUninitializedArray(Ljava/lang/Class;I)Ljava/lang/Object; @ 51 c2
Event: 2.782 Thread 0x0000019a7d264ec0 DEOPT PACKING pc=0x0000019a0f560a34 sp=0x000000290cffd6c0
Event: 2.782 Thread 0x0000019a7d264ec0 DEOPT UNPACKING pc=0x0000019a07a823a3 sp=0x000000290cffd648 mode 2
Event: 2.784 Thread 0x0000019a7d264ec0 Uncommon trap: trap_request=0xffffffde fr.pc=0x0000019a0f560a34 relative=0x0000000000000114
Event: 2.784 Thread 0x0000019a7d264ec0 Uncommon trap: reason=class_check action=maybe_recompile pc=0x0000019a0f560a34 method=jdk.internal.misc.Unsafe.allocateUninitializedArray(Ljava/lang/Class;I)Ljava/lang/Object; @ 51 c2
Event: 2.784 Thread 0x0000019a7d264ec0 DEOPT PACKING pc=0x0000019a0f560a34 sp=0x000000290cffdb00
Event: 2.784 Thread 0x0000019a7d264ec0 DEOPT UNPACKING pc=0x0000019a07a823a3 sp=0x000000290cffda88 mode 2
Event: 2.803 Thread 0x0000019a7d264ec0 DEOPT PACKING pc=0x0000019a0800cc88 sp=0x000000290cffd460
Event: 2.803 Thread 0x0000019a7d264ec0 DEOPT UNPACKING pc=0x0000019a07a82b43 sp=0x000000290cffc968 mode 0
Event: 2.992 Thread 0x0000019a7d264ec0 Uncommon trap: trap_request=0xffffff45 fr.pc=0x0000019a0f52406c relative=0x000000000000024c
Event: 2.992 Thread 0x0000019a7d264ec0 Uncommon trap: reason=unstable_if action=reinterpret pc=0x0000019a0f52406c method=java.lang.String.startsWith(Ljava/lang/String;I)Z @ 1 c2
Event: 2.993 Thread 0x0000019a7d264ec0 DEOPT PACKING pc=0x0000019a0f52406c sp=0x000000290cffe650
Event: 2.993 Thread 0x0000019a7d264ec0 DEOPT UNPACKING pc=0x0000019a07a823a3 sp=0x000000290cffe5b8 mode 2
Event: 3.005 Thread 0x0000019a7d264ec0 Uncommon trap: trap_request=0xffffff45 fr.pc=0x0000019a0f559530 relative=0x0000000000000170
Event: 3.005 Thread 0x0000019a7d264ec0 Uncommon trap: reason=unstable_if action=reinterpret pc=0x0000019a0f559530 method=java.util.concurrent.ConcurrentHashMap.addCount(JI)V @ 121 c2
Event: 3.005 Thread 0x0000019a7d264ec0 DEOPT PACKING pc=0x0000019a0f559530 sp=0x000000290cffd440
Event: 3.005 Thread 0x0000019a7d264ec0 DEOPT UNPACKING pc=0x0000019a07a823a3 sp=0x000000290cffd3a0 mode 2

Classes unloaded (0 events):
No events

Classes redefined (0 events):
No events

Internal exceptions (20 events):
Event: 2.537 Thread 0x0000019a7d264ec0 Exception <a 'java/lang/NoSuchMethodError'{0x00000000899419e8}: 'java.lang.Object java.lang.invoke.Invokers$Holder.invokeExact_MT(java.lang.Object, java.lang.Object, java.lang.Object, java.lang.Object, java.lang.Object, java.lang.Object)'> (0x00000000899419e8) 
thrown [s\src\hotspot\share\interpreter\linkResolver.cpp, line 759]
Event: 2.541 Thread 0x0000019a7d264ec0 Exception <a 'java/lang/NoSuchMethodError'{0x000000008994bc60}: 'void java.lang.invoke.DirectMethodHandle$Holder.invokeStaticInit(java.lang.Object, java.lang.Object, java.lang.Object, java.lang.Object)'> (0x000000008994bc60) 
thrown [s\src\hotspot\share\interpreter\linkResolver.cpp, line 759]
Event: 2.546 Thread 0x0000019a7d264ec0 Exception <a 'java/lang/NoSuchMethodError'{0x000000008995d9e8}: 'java.lang.Object java.lang.invoke.DirectMethodHandle$Holder.invokeInterface(java.lang.Object, java.lang.Object, java.lang.Object)'> (0x000000008995d9e8) 
thrown [s\src\hotspot\share\interpreter\linkResolver.cpp, line 759]
Event: 2.547 Thread 0x0000019a7d264ec0 Exception <a 'java/lang/IncompatibleClassChangeError'{0x0000000089961550}: Found class java.lang.Object, but interface was expected> (0x0000000089961550) 
thrown [s\src\hotspot\share\interpreter\linkResolver.cpp, line 826]
Event: 2.587 Thread 0x0000019a7d264ec0 Exception <a 'java/lang/NoSuchMethodError'{0x00000000899fa978}: 'int java.lang.invoke.DirectMethodHandle$Holder.invokeSpecial(java.lang.Object, java.lang.Object, java.lang.Object)'> (0x00000000899fa978) 
thrown [s\src\hotspot\share\interpreter\linkResolver.cpp, line 759]
Event: 2.606 Thread 0x0000019a7d264ec0 Exception <a 'java/lang/NoSuchMethodError'{0x000000008983b538}: 'int java.lang.invoke.DirectMethodHandle$Holder.invokeSpecial(java.lang.Object, java.lang.Object, java.lang.Object, java.lang.Object)'> (0x000000008983b538) 
thrown [s\src\hotspot\share\interpreter\linkResolver.cpp, line 759]
Event: 2.691 Thread 0x0000019a7d264ec0 Exception <a 'java/lang/NoSuchMethodError'{0x00000000897b81a0}: 'java.lang.Object java.lang.invoke.DirectMethodHandle$Holder.newInvokeSpecial(java.lang.Object, java.lang.Object, java.lang.Object, java.lang.Object, java.lang.Object, java.lang.Object)'> (0x00000000897b81a0) 
thrown [s\src\hotspot\share\interpreter\linkResolver.cpp, line 759]
Event: 2.734 Thread 0x0000019a7d264ec0 Exception <a 'java/lang/NoSuchMethodError'{0x000000008965fba8}: 'java.lang.Object java.lang.invoke.DirectMethodHandle$Holder.invokeSpecial(java.lang.Object, java.lang.Object, java.lang.Object, java.lang.Object, java.lang.Object, java.lang.Object, int)'> (0x000000008965fba8) 
thrown [s\src\hotspot\share\interpreter\linkResolver.cpp, line 759]
Event: 2.736 Thread 0x0000019a7d264ec0 Exception <a 'java/lang/NoSuchMethodError'{0x000000008966a108}: 'java.lang.Object java.lang.invoke.DirectMethodHandle$Holder.newInvokeSpecial(java.lang.Object, java.lang.Object, java.lang.Object, java.lang.Object, java.lang.Object, java.lang.Object, int)'> (0x000000008966a108) 
thrown [s\src\hotspot\share\interpreter\linkResolver.cpp, line 759]
Event: 2.737 Thread 0x0000019a7d264ec0 Exception <a 'java/lang/NoSuchMethodError'{0x000000008966f148}: 'java.lang.Object java.lang.invoke.DirectMethodHandle$Holder.invokeSpecial(java.lang.Object, java.lang.Object, java.lang.Object, java.lang.Object, java.lang.Object, java.lang.Object, java.lang.Object, int)'> (0x000000008966f148) 
thrown [s\src\hotspot\share\interpreter\linkResolver.cpp, line 759]
Event: 2.808 Thread 0x0000019a7d264ec0 Exception <a 'java/lang/NoSuchMethodError'{0x000000008957f4e8}: 'int java.lang.invoke.DirectMethodHandle$Holder.invokeInterface(java.lang.Object, java.lang.Object)'> (0x000000008957f4e8) 
thrown [s\src\hotspot\share\interpreter\linkResolver.cpp, line 759]
Event: 2.892 Thread 0x0000019a7d264ec0 Exception <a 'java/lang/NoSuchMethodError'{0x0000000089466228}: 'java.lang.Object java.lang.invoke.DirectMethodHandle$Holder.invokeSpecial(java.lang.Object, java.lang.Object, java.lang.Object, int, java.lang.Object)'> (0x0000000089466228) 
thrown [s\src\hotspot\share\interpreter\linkResolver.cpp, line 759]
Event: 2.894 Thread 0x0000019a7d264ec0 Exception <a 'java/lang/NoSuchMethodError'{0x000000008946e890}: 'java.lang.Object java.lang.invoke.DirectMethodHandle$Holder.newInvokeSpecial(java.lang.Object, java.lang.Object, java.lang.Object, int, java.lang.Object)'> (0x000000008946e890) 
thrown [s\src\hotspot\share\interpreter\linkResolver.cpp, line 759]
Event: 2.895 Thread 0x0000019a7d264ec0 Exception <a 'java/lang/NoSuchMethodError'{0x0000000089476260}: 'java.lang.Object java.lang.invoke.Invokers$Holder.linkToTargetMethod(java.lang.Object, java.lang.Object, int, java.lang.Object, java.lang.Object)'> (0x0000000089476260) 
thrown [s\src\hotspot\share\interpreter\linkResolver.cpp, line 759]
Event: 2.898 Thread 0x0000019a7d264ec0 Exception <a 'java/lang/NoSuchMethodError'{0x0000000089485238}: 'java.lang.Object java.lang.invoke.DirectMethodHandle$Holder.newInvokeSpecial(java.lang.Object, int, java.lang.Object)'> (0x0000000089485238) 
thrown [s\src\hotspot\share\interpreter\linkResolver.cpp, line 759]
Event: 2.902 Thread 0x0000019a7d264ec0 Exception <a 'java/lang/NoSuchMethodError'{0x0000000089489f18}: 'int java.lang.invoke.DirectMethodHandle$Holder.invokeSpecialIFC(java.lang.Object, java.lang.Object, java.lang.Object, java.lang.Object)'> (0x0000000089489f18) 
thrown [s\src\hotspot\share\interpreter\linkResolver.cpp, line 759]
Event: 3.069 Thread 0x0000019a7d264ec0 Exception <a 'java/lang/NoSuchMethodError'{0x0000000089d4c880}: 'java.lang.Object java.lang.invoke.DirectMethodHandle$Holder.invokeInterface(java.lang.Object, java.lang.Object)'> (0x0000000089d4c880) 
thrown [s\src\hotspot\share\interpreter\linkResolver.cpp, line 759]
Event: 3.078 Thread 0x0000019a7d264ec0 Exception <a 'java/lang/NoSuchMethodError'{0x0000000089d5d678}: 'void java.lang.invoke.DirectMethodHandle$Holder.invokeInterface(java.lang.Object, java.lang.Object, java.lang.Object)'> (0x0000000089d5d678) 
thrown [s\src\hotspot\share\interpreter\linkResolver.cpp, line 759]
Event: 3.132 Thread 0x0000019a7d264ec0 Exception <a 'java/lang/NoSuchMethodError'{0x0000000089de8df8}: 'void java.lang.invoke.DirectMethodHandle$Holder.invokeStaticInit(java.lang.Object, java.lang.Object)'> (0x0000000089de8df8) 
thrown [s\src\hotspot\share\interpreter\linkResolver.cpp, line 759]
Event: 3.136 Thread 0x0000019a7d264ec0 Exception <a 'java/lang/NoSuchMethodError'{0x0000000089df5078}: 'void java.lang.invoke.DirectMethodHandle$Holder.invokeStaticInit(java.lang.Object, java.lang.Object, java.lang.Object)'> (0x0000000089df5078) 
thrown [s\src\hotspot\share\interpreter\linkResolver.cpp, line 759]

VM Operations (16 events):
Event: 0.354 Executing VM operation: HandshakeAllThreads
Event: 0.354 Executing VM operation: HandshakeAllThreads done
Event: 0.927 Executing VM operation: HandshakeAllThreads
Event: 0.927 Executing VM operation: HandshakeAllThreads done
Event: 1.605 Executing VM operation: HandshakeAllThreads
Event: 1.605 Executing VM operation: HandshakeAllThreads done
Event: 1.605 Executing VM operation: Cleanup
Event: 1.605 Executing VM operation: Cleanup done
Event: 2.138 Executing VM operation: G1CollectForAllocation
Event: 2.183 Executing VM operation: G1CollectForAllocation done
Event: 2.308 Executing VM operation: HandshakeAllThreads
Event: 2.308 Executing VM operation: HandshakeAllThreads done
Event: 2.843 Executing VM operation: HandshakeAllThreads
Event: 2.844 Executing VM operation: HandshakeAllThreads done
Event: 2.997 Executing VM operation: G1CollectForAllocation
Event: 3.004 Executing VM operation: G1CollectForAllocation done

Events (20 events):
Event: 3.177 loading class sun/management/ManagementFactoryHelper$LoggingMXBeanAccess$1
Event: 3.177 loading class sun/management/ManagementFactoryHelper$LoggingMXBeanAccess$1 done
Event: 3.177 loading class java/lang/management/DefaultPlatformMBeanProvider$9
Event: 3.177 loading class java/lang/management/DefaultPlatformMBeanProvider$9 done
Event: 3.177 loading class java/lang/management/DefaultPlatformMBeanProvider$10
Event: 3.177 loading class java/lang/management/DefaultPlatformMBeanProvider$10 done
Event: 3.177 loading class java/lang/management/DefaultPlatformMBeanProvider$11
Event: 3.177 loading class java/lang/management/DefaultPlatformMBeanProvider$11 done
Event: 3.177 loading class jdk/management/jfr/FlightRecorderMXBean
Event: 3.177 loading class jdk/management/jfr/FlightRecorderMXBean done
Event: 3.177 loading class jdk/management/jfr/internal/FlightRecorderMXBeanProvider$SingleMBeanComponent
Event: 3.178 loading class jdk/management/jfr/internal/FlightRecorderMXBeanProvider$SingleMBeanComponent done
Event: 3.180 loading class java/util/stream/ReduceOps$2
Event: 3.180 loading class java/util/stream/ReduceOps$2 done
Event: 3.180 loading class java/util/stream/ReduceOps$2ReducingSink
Event: 3.180 loading class java/util/stream/ReduceOps$2ReducingSink done
Event: 3.181 loading class sun/management/RuntimeImpl
Event: 3.181 loading class sun/management/RuntimeImpl done
Event: 3.181 loading class java/util/Collections$2
Event: 3.181 loading class java/util/Collections$2 done


Dynamic libraries:
0x00007ff7c2950000 - 0x00007ff7c295d000 	C:\Users\Lenovo T450\.jdks\corretto-17.0.4\bin\java.exe
0x00007ffc6efb0000 - 0x00007ffc6f1a8000 	C:\WINDOWS\SYSTEM32\ntdll.dll
0x00007ffc6da90000 - 0x00007ffc6db4d000 	C:\WINDOWS\System32\KERNEL32.DLL
0x00007ffc6caf0000 - 0x00007ffc6cdbe000 	C:\WINDOWS\System32\KERNELBASE.dll
0x00007ffc6c760000 - 0x00007ffc6c860000 	C:\WINDOWS\System32\ucrtbase.dll
0x00007ffc38d10000 - 0x00007ffc38d28000 	C:\Users\Lenovo T450\.jdks\corretto-17.0.4\bin\jli.dll
0x00007ffc38680000 - 0x00007ffc38695000 	C:\Users\Lenovo T450\.jdks\corretto-17.0.4\bin\VCRUNTIME140.dll
0x00007ffc6e6b0000 - 0x00007ffc6e850000 	C:\WINDOWS\System32\USER32.dll
0x00007ffc5c9b0000 - 0x00007ffc5cc4a000 	C:\WINDOWS\WinSxS\amd64_microsoft.windows.common-controls_6595b64144ccf1df_6.0.19041.1110_none_60b5254171f9507e\COMCTL32.dll
0x00007ffc6d750000 - 0x00007ffc6d7ee000 	C:\WINDOWS\System32\msvcrt.dll
0x00007ffc6ddc0000 - 0x00007ffc6ddea000 	C:\WINDOWS\System32\GDI32.dll
0x00007ffc6c9b0000 - 0x00007ffc6c9d2000 	C:\WINDOWS\System32\win32u.dll
0x00007ffc6c9e0000 - 0x00007ffc6caeb000 	C:\WINDOWS\System32\gdi32full.dll
0x00007ffc6c860000 - 0x00007ffc6c8fd000 	C:\WINDOWS\System32\msvcp_win.dll
0x00007ffc6dea0000 - 0x00007ffc6ded0000 	C:\WINDOWS\System32\IMM32.DLL
0x00007ffc32b90000 - 0x00007ffc32c2b000 	C:\Users\Lenovo T450\.jdks\corretto-17.0.4\bin\msvcp140.dll
0x00007ffbec730000 - 0x00007ffbed344000 	C:\Users\Lenovo T450\.jdks\corretto-17.0.4\bin\server\jvm.dll
0x00007ffc6ddf0000 - 0x00007ffc6de9e000 	C:\WINDOWS\System32\ADVAPI32.dll
0x00007ffc6d9d0000 - 0x00007ffc6da6c000 	C:\WINDOWS\System32\sechost.dll
0x00007ffc6ee40000 - 0x00007ffc6ef65000 	C:\WINDOWS\System32\RPCRT4.dll
0x00007ffc6d9c0000 - 0x00007ffc6d9c8000 	C:\WINDOWS\System32\PSAPI.DLL
0x00007ffc54bc0000 - 0x00007ffc54bc9000 	C:\WINDOWS\SYSTEM32\WSOCK32.dll
0x00007ffc6ded0000 - 0x00007ffc6df3b000 	C:\WINDOWS\System32\WS2_32.dll
0x00007ffc57ee0000 - 0x00007ffc57f07000 	C:\WINDOWS\SYSTEM32\WINMM.dll
0x00007ffc5d3c0000 - 0x00007ffc5d3ca000 	C:\WINDOWS\SYSTEM32\VERSION.dll
0x00007ffc6af50000 - 0x00007ffc6af62000 	C:\WINDOWS\SYSTEM32\kernel.appcore.dll
0x00007ffc35c90000 - 0x00007ffc35c9a000 	C:\Users\Lenovo T450\.jdks\corretto-17.0.4\bin\jimage.dll
0x00007ffc58030000 - 0x00007ffc58214000 	C:\WINDOWS\SYSTEM32\DBGHELP.DLL
0x00007ffc58700000 - 0x00007ffc5872c000 	C:\WINDOWS\SYSTEM32\dbgcore.DLL
0x00007ffc6c6d0000 - 0x00007ffc6c752000 	C:\WINDOWS\System32\bcryptPrimitives.dll
0x00007ffc676c0000 - 0x00007ffc676ce000 	C:\Users\Lenovo T450\.jdks\corretto-17.0.4\bin\instrument.dll
0x00007ffc352c0000 - 0x00007ffc352e5000 	C:\Users\Lenovo T450\.jdks\corretto-17.0.4\bin\java.dll
0x00007ffc28770000 - 0x00007ffc28846000 	C:\Users\Lenovo T450\.jdks\corretto-17.0.4\bin\jsvml.dll
0x00007ffc6df60000 - 0x00007ffc6e6a4000 	C:\WINDOWS\System32\SHELL32.dll
0x00007ffc6a320000 - 0x00007ffc6aab4000 	C:\WINDOWS\SYSTEM32\windows.storage.dll
0x00007ffc6d010000 - 0x00007ffc6d364000 	C:\WINDOWS\System32\combase.dll
0x00007ffc6bf80000 - 0x00007ffc6bfb0000 	C:\WINDOWS\SYSTEM32\Wldp.dll
0x00007ffc6e920000 - 0x00007ffc6e9cd000 	C:\WINDOWS\System32\SHCORE.dll
0x00007ffc6d4e0000 - 0x00007ffc6d535000 	C:\WINDOWS\System32\shlwapi.dll
0x00007ffc6c610000 - 0x00007ffc6c62f000 	C:\WINDOWS\SYSTEM32\profapi.dll
0x00007ffc34e30000 - 0x00007ffc34e48000 	C:\Users\Lenovo T450\.jdks\corretto-17.0.4\bin\zip.dll
0x00007ffc34ec0000 - 0x00007ffc34ed9000 	C:\Users\Lenovo T450\.jdks\corretto-17.0.4\bin\net.dll
0x00007ffc5c480000 - 0x00007ffc5c58a000 	C:\WINDOWS\SYSTEM32\WINHTTP.dll
0x00007ffc6bd60000 - 0x00007ffc6bdca000 	C:\WINDOWS\system32\mswsock.dll
0x00007ffc34e50000 - 0x00007ffc34e65000 	C:\Users\Lenovo T450\.jdks\corretto-17.0.4\bin\nio.dll
0x00007ffc35340000 - 0x00007ffc3535a000 	D:\IntelliJ\IntelliJ IDEA Community Edition 2022.2\bin\breakgen64.dll
0x00007ffc353c0000 - 0x00007ffc353d0000 	C:\Users\Lenovo T450\.jdks\corretto-17.0.4\bin\verify.dll
0x00007ffc67610000 - 0x00007ffc67619000 	C:\Users\Lenovo T450\.jdks\corretto-17.0.4\bin\management.dll
0x00007ffc66600000 - 0x00007ffc6660b000 	C:\Users\Lenovo T450\.jdks\corretto-17.0.4\bin\management_ext.dll
0x00007ffc4b750000 - 0x00007ffc4b767000 	C:\WINDOWS\system32\napinsp.dll
0x00007ffc4b730000 - 0x00007ffc4b74b000 	C:\WINDOWS\system32\pnrpnsp.dll
0x00007ffc4b8c0000 - 0x00007ffc4b8d5000 	C:\WINDOWS\system32\wshbth.dll
0x00007ffc675d0000 - 0x00007ffc675ed000 	C:\WINDOWS\system32\NLAapi.dll
0x00007ffc6ba70000 - 0x00007ffc6baab000 	C:\WINDOWS\SYSTEM32\IPHLPAPI.DLL
0x00007ffc6bab0000 - 0x00007ffc6bb7a000 	C:\WINDOWS\SYSTEM32\DNSAPI.dll
0x00007ffc6df40000 - 0x00007ffc6df48000 	C:\WINDOWS\System32\NSI.dll
0x00007ffc4b8a0000 - 0x00007ffc4b8b2000 	C:\WINDOWS\System32\winrnr.dll
0x00007ffc5afd0000 - 0x00007ffc5afda000 	C:\Windows\System32\rasadhlp.dll
0x00007ffc5e460000 - 0x00007ffc5e4e0000 	C:\WINDOWS\System32\fwpuclnt.dll
0x00007ffc6cfe0000 - 0x00007ffc6d007000 	C:\WINDOWS\System32\bcrypt.dll

dbghelp: loaded successfully - version: 4.0.5 - missing functions: none
symbol engine: initialized successfully - sym options: 0x614 - pdb path: .;C:\Users\Lenovo T450\.jdks\corretto-17.0.4\bin;C:\WINDOWS\SYSTEM32;C:\WINDOWS\WinSxS\amd64_microsoft.windows.common-controls_6595b64144ccf1df_6.0.19041.1110_none_60b5254171f9507e;C:\Users\Lenovo T450\.jdks\corretto-17.0.4\bin\server;D:\IntelliJ\IntelliJ IDEA Community Edition 2022.2\bin

VM Arguments:
jvm_args: -javaagent:D:\IntelliJ\IntelliJ IDEA Community Edition 2022.2\lib\idea_rt.jar=52996:D:\IntelliJ\IntelliJ IDEA Community Edition 2022.2\bin -Dfile.encoding=UTF-8 
java_command: com.example.postService.PostServiceApplication
java_class_path (initial): C:\Users\Lenovo T450\Desktop\dislinkt_repo\XML-Dislinkt\PostService\target\classes;C:\Users\Lenovo T450\.m2\repository\org\springframework\boot\spring-boot-starter-data-mongodb\2.7.2\spring-boot-starter-data-mongodb-2.7.2.jar;C:\Users\Lenovo T450\.m2\repository\org\springframework\boot\spring-boot-starter\2.7.2\spring-boot-starter-2.7.2.jar;C:\Users\Lenovo T450\.m2\repository\org\springframework\boot\spring-boot\2.7.2\spring-boot-2.7.2.jar;C:\Users\Lenovo T450\.m2\repository\org\springframework\boot\spring-boot-autoconfigure\2.7.2\spring-boot-autoconfigure-2.7.2.jar;C:\Users\Lenovo T450\.m2\repository\org\springframework\boot\spring-boot-starter-logging\2.7.2\spring-boot-starter-logging-2.7.2.jar;C:\Users\Lenovo T450\.m2\repository\ch\qos\logback\logback-classic\1.2.11\logback-classic-1.2.11.jar;C:\Users\Lenovo T450\.m2\repository\ch\qos\logback\logback-core\1.2.11\logback-core-1.2.11.jar;C:\Users\Lenovo T450\.m2\repository\org\apache\logging\log4j\log4j-to-slf4j\2.17.2\log4j-to-slf4j-2.17.2.jar;C:\Users\Lenovo T450\.m2\repository\org\apache\logging\log4j\log4j-api\2.17.2\log4j-api-2.17.2.jar;C:\Users\Lenovo T450\.m2\repository\org\slf4j\jul-to-slf4j\1.7.36\jul-to-slf4j-1.7.36.jar;C:\Users\Lenovo T450\.m2\repository\jakarta\annotation\jakarta.annotation-api\1.3.5\jakarta.annotation-api-1.3.5.jar;C:\Users\Lenovo T450\.m2\repository\org\yaml\snakeyaml\1.30\snakeyaml-1.30.jar;C:\Users\Lenovo T450\.m2\repository\org\mongodb\mongodb-driver-sync\4.6.1\mongodb-driver-sync-4.6.1.jar;C:\Users\Lenovo T450\.m2\repository\org\mongodb\bson\4.6.1\bson-4.6.1.jar;C:\Users\Lenovo T450\.m2\repository\org\mongodb\mongodb-driver-core\4.6.1\mongodb-driver-core-4.6.1.jar;C:\Users\Lenovo T450\.m2\repository\org\mongodb\bson-record-codec\4.6.1\bson-record-codec-4.6.1.jar;C:\Users\Lenovo T450\.m2\repository\org\springframework\data\spring-data-mongodb\3.4.2\spring-data-mongodb-3.4.2.jar;C:\Users\Lenovo T450\.m2\repository\org\springframework\spring-tx\5.3.22\spr
Launcher Type: SUN_STANDARD

[Global flags]
     intx CICompilerCount                          = 3                                         {product} {ergonomic}
     uint ConcGCThreads                            = 1                                         {product} {ergonomic}
     uint G1ConcRefinementThreads                  = 4                                         {product} {ergonomic}
   size_t G1HeapRegionSize                         = 1048576                                   {product} {ergonomic}
    uintx GCDrainStackTargetSize                   = 64                                        {product} {ergonomic}
   size_t InitialHeapSize                          = 134217728                                 {product} {ergonomic}
   size_t MarkStackSize                            = 4194304                                   {product} {ergonomic}
   size_t MaxHeapSize                              = 2116026368                                {product} {ergonomic}
   size_t MaxNewSize                               = 1268776960                                {product} {ergonomic}
   size_t MinHeapDeltaBytes                        = 1048576                                   {product} {ergonomic}
   size_t MinHeapSize                              = 8388608                                   {product} {ergonomic}
    uintx NonNMethodCodeHeapSize                   = 5832780                                {pd product} {ergonomic}
    uintx NonProfiledCodeHeapSize                  = 122912730                              {pd product} {ergonomic}
    uintx ProfiledCodeHeapSize                     = 122912730                              {pd product} {ergonomic}
    uintx ReservedCodeCacheSize                    = 251658240                              {pd product} {ergonomic}
     bool SegmentedCodeCache                       = true                                      {product} {ergonomic}
   size_t SoftMaxHeapSize                          = 2116026368                             {manageable} {ergonomic}
     bool UseCompressedClassPointers               = true                           {product lp64_product} {ergonomic}
     bool UseCompressedOops                        = true                           {product lp64_product} {ergonomic}
     bool UseG1GC                                  = true                                      {product} {ergonomic}
     bool UseLargePagesIndividualAllocation        = false                                  {pd product} {ergonomic}

Logging:
Log output configuration:
 #0: stdout all=warning uptime,level,tags
 #1: stderr all=off uptime,level,tags

Environment Variables:
PATH=C:\oraclexe\app\oracle\product\11.2.0\server\bin;C:\oraclexe\app\oracle\product\11.2.0\server\bin;C:\Program Files (x86)\Common Files\Oracle\Java\javapath;C:\WINDOWS\system32;C:\WINDOWS;C:\WINDOWS\System32\Wbem;C:\WINDOWS\System32\WindowsPowerShell\v1.0\;C:\WINDOWS\System32\OpenSSH\;C:\Users\Lenovo T450\AppData\Local\Programs\Python\Python37\Scripts\;C:\Program Files\dotnet\;C:\Program Files\Git\cmd;C:\Program Files (x86)\GtkSharp\2.12\bin;C:\Program Files\Microsoft SQL Server\130\Tools\Binn\;C:\Program Files\Microsoft SQL Server\Client SDK\ODBC\170\Tools\Binn\;D:\Go\bin;C:\Program Files (x86)\Microsoft SQL Server\150\Tools\Binn\;C:\Program Files\Microsoft SQL Server\150\Tools\Binn\;C:\Program Files\Microsoft SQL Server\150\DTS\Binn\;C:\Program Files (x86)\Microsoft SQL Server\150\DTS\Binn\;C:\Program Files\Azure Data Studio\bin;C:\Windows\system32;C:\Windows\System32\WindowsPowerShell\v1.0\;C:\protoc-3.12.4-win64\bin;C:\Program Files\MongoDB\Server\5.0\bin;C:\Program Files\Docker\Docker\resources\bin;C:\ProgramData\DockerDesktop\version-bin;D:\node\node_modules\npm\bin;C:\Program Files\nodejs\node_modules\npm\bin;C:\Users\Lenovo T450\AppData\Local\Microsoft\WindowsApps;C:\Users\Lenovo T450\.dotnet\tools;C:\Users\Lenovo T450\go\bin;C:\Users\Lenovo T450\AppData\Local\Programs\Microsoft VS Code\bin;D:\IntelliJ\IntelliJ IDEA 2022.2\bin;D:\IntelliJ\IntelliJ IDEA Community Edition 2022.2\bin;C:\Users\Lenovo T450\AppData\Roaming\npm
USERNAME=Lenovo T450
OS=Windows_NT
PROCESSOR_IDENTIFIER=Intel64 Family 6 Model 61 Stepping 4, GenuineIntel
TMP=C:\Users\LENOVO~1\AppData\Local\Temp
TEMP=C:\Users\LENOVO~1\AppData\Local\Temp



---------------  S Y S T E M  ---------------

OS:
 Windows 10 , 64 bit Build 19041 (10.0.19041.1889)
OS uptime: 1 days 18:26 hours
Hyper-V role detected

CPU: total 4 (initial active 4) (2 cores per cpu, 2 threads per core) family 6 model 61 stepping 4 microcode 0x2d, cx8, cmov, fxsr, ht, mmx, 3dnowpref, sse, sse2, sse3, ssse3, sse4.1, sse4.2, popcnt, lzcnt, tsc, tscinvbit, avx, avx2, aes, erms, clmul, bmi1, bmi2, rtm, adx, fma, vzeroupper, clflush, hv

Memory: 4k page, system-wide physical 8067M (372M free)
TotalPageFile size 17303M (AvailPageFile size 0M)
current process WorkingSet (physical memory assigned to process): 74M, peak: 74M
current process commit charge ("private bytes"): 219M, peak: 219M

vm_info: OpenJDK 64-Bit Server VM (17.0.4+8-LTS) for windows-amd64 JRE (17.0.4+8-LTS), built on Jul 15 2022 17:12:09 by "Administrator" with MS VC++ 15.9 (VS2017)

END.
